<?xml version="1.0" encoding="UTF-8"?>
<testng-results ignored="0" total="1" passed="1" failed="0" skipped="0">
  <reporter-output>
  </reporter-output>
  <suite started-at="2023-12-17T19:23:52 CST" name="Default suite" finished-at="2023-12-17T19:24:18 CST" duration-ms="25887">
    <groups>
    </groups>
    <test started-at="2023-12-17T19:23:52 CST" name="Default test" finished-at="2023-12-17T19:24:18 CST" duration-ms="25887">
      <class name="com.bootcamp.part1.medium_submition.ShoppingCartTestCase">
        <test-method is-config="true" signature="setUp()[pri:0, instance:com.bootcamp.part1.medium_submition.ShoppingCartTestCase@32ee6fee]" started-at="2023-12-17T19:23:52 CST" name="setUp" finished-at="2023-12-17T19:24:10 CST" duration-ms="17779" status="PASS">
          <reporter-output>
          </reporter-output>
        </test-method> <!-- setUp -->
        <test-method signature="testAddProductToCartAndVerify()[pri:0, instance:com.bootcamp.part1.medium_submition.ShoppingCartTestCase@32ee6fee]" started-at="2023-12-17T19:24:10 CST" name="testAddProductToCartAndVerify" finished-at="2023-12-17T19:24:18 CST" duration-ms="7909" status="PASS">
          <reporter-output>
          </reporter-output>
        </test-method> <!-- testAddProductToCartAndVerify -->
        <test-method is-config="true" signature="tearDown()[pri:0, instance:com.bootcamp.part1.medium_submition.ShoppingCartTestCase@32ee6fee]" started-at="2023-12-17T19:24:18 CST" name="tearDown" finished-at="2023-12-17T19:24:18 CST" duration-ms="158" status="PASS">
          <reporter-output>
          </reporter-output>
        </test-method> <!-- tearDown -->
      </class> <!-- com.bootcamp.part1.medium_submition.ShoppingCartTestCase -->
    </test> <!-- Default test -->
  </suite> <!-- Default suite -->
</testng-results>
